2026-03-30T01:47:41.525+08:00  INFO 34312 --- [social-media] [main] com.example.demo.BackendApplication      : Starting BackendApplication using Java 21.0.6 with PID 34312 (C:\FrontAndBackend\FrontAndBackend\Backend\target\classes started by KaiKai in C:\FrontAndBackend\FrontAndBackend\Backend)
2026-03-30T01:47:41.526+08:00  INFO 34312 --- [social-media] [main] com.example.demo.BackendApplication      : No active profile set, falling back to 1 default profile: "default"
2026-03-30T01:47:41.858+08:00  INFO 34312 --- [social-media] [main] .s.d.r.c.RepositoryConfigurationDelegate : Bootstrapping Spring Data JPA repositories in DEFAULT mode.
2026-03-30T01:47:41.893+08:00  INFO 34312 --- [social-media] [main] .s.d.r.c.RepositoryConfigurationDelegate : Finished Spring Data repository scanning in 28 ms. Found 3 JPA repository interfaces.
2026-03-30T01:47:42.347+08:00  INFO 34312 --- [social-media] [main] o.s.b.w.embedded.tomcat.TomcatWebServer  : Tomcat initialized with port 8081 (http)
2026-03-30T01:47:42.359+08:00  INFO 34312 --- [social-media] [main] o.apache.catalina.core.StandardService   : Starting service [Tomcat]
2026-03-30T01:47:42.359+08:00  INFO 34312 --- [social-media] [main] o.apache.catalina.core.StandardEngine    : Starting Servlet engine: [Apache Tomcat/10.1.41]
2026-03-30T01:47:42.403+08:00  INFO 34312 --- [social-media] [main] o.a.c.c.C.[Tomcat].[localhost].[/]       : Initializing Spring embedded WebApplicationContext
2026-03-30T01:47:42.404+08:00  INFO 34312 --- [social-media] [main] w.s.c.ServletWebServerApplicationContext : Root WebApplicationContext: initialization completed in 843 ms
2026-03-30T01:47:42.531+08:00  INFO 34312 --- [social-media] [main] o.hibernate.jpa.internal.util.LogHelper  : HHH000204: Processing PersistenceUnitInfo [name: default]
2026-03-30T01:47:42.572+08:00  INFO 34312 --- [social-media] [main] org.hibernate.Version                    : HHH000412: Hibernate ORM core version 6.6.15.Final
2026-03-30T01:47:42.600+08:00  INFO 34312 --- [social-media] [main] o.h.c.internal.RegionFactoryInitiator    : HHH000026: Second-level cache disabled
2026-03-30T01:47:42.795+08:00  INFO 34312 --- [social-media] [main] o.s.o.j.p.SpringPersistenceUnitInfo      : No LoadTimeWeaver setup: ignoring JPA class transformer
2026-03-30T01:47:42.817+08:00  INFO 34312 --- [social-media] [main] com.zaxxer.hikari.HikariDataSource       : HikariPool-1 - Starting...
2026-03-30T01:47:42.945+08:00  INFO 34312 --- [social-media] [main] com.zaxxer.hikari.pool.HikariPool        : HikariPool-1 - Added connection com.mysql.cj.jdbc.ConnectionImpl@4a520f05
2026-03-30T01:47:42.946+08:00  INFO 34312 --- [social-media] [main] com.zaxxer.hikari.HikariDataSource       : HikariPool-1 - Start completed.
2026-03-30T01:47:42.987+08:00  WARN 34312 --- [social-media] [main] org.hibernate.orm.deprecation            : HHH90000025: MySQLDialect does not need to be specified explicitly using 'hibernate.dialect' (remove the property setting and it will be selected by default)
2026-03-30T01:47:42.999+08:00  INFO 34312 --- [social-media] [main] org.hibernate.orm.connections.pooling    : HHH10001005: Database info:
	Database JDBC URL [Connecting through datasource 'HikariDataSource (HikariPool-1)']
	Database driver: undefined/unknown
	Database version: 8.0.34
	Autocommit mode: undefined/unknown
	Isolation level: undefined/unknown
	Minimum pool size: undefined/unknown
	Maximum pool size: undefined/unknown
2026-03-30T01:47:43.594+08:00  INFO 34312 --- [social-media] [main] o.h.e.t.j.p.i.JtaPlatformInitiator       : HHH000489: No JTA platform available (set 'hibernate.transaction.jta.platform' to enable JTA platform integration)
2026-03-30T01:47:43.644+08:00  INFO 34312 --- [social-media] [main] j.LocalContainerEntityManagerFactoryBean : Initialized JPA EntityManagerFactory for persistence unit 'default'
2026-03-30T01:47:43.863+08:00  INFO 34312 --- [social-media] [main] o.s.d.j.r.query.QueryEnhancerFactory     : Hibernate is in classpath; If applicable, HQL parser will be used.
2026-03-30T01:47:44.201+08:00  WARN 34312 --- [social-media] [main] JpaBaseConfiguration$JpaWebConfiguration : spring.jpa.open-in-view is enabled by default. Therefore, database queries may be performed during view rendering. Explicitly configure spring.jpa.open-in-view to disable this warning
2026-03-30T01:47:44.325+08:00  WARN 34312 --- [social-media] [main] .s.s.UserDetailsServiceAutoConfiguration : 

Using generated security password: 473dcd48-bc68-456a-845e-89f8b3b506bc

This generated password is for development use only. Your security configuration must be updated before running your application in production.

2026-03-30T01:47:44.331+08:00  INFO 34312 --- [social-media] [main] r$InitializeUserDetailsManagerConfigurer : Global AuthenticationManager configured with UserDetailsService bean with name inMemoryUserDetailsManager
2026-03-30T01:47:44.539+08:00  INFO 34312 --- [social-media] [main] o.s.b.w.embedded.tomcat.TomcatWebServer  : Tomcat started on port 8081 (http) with context path '/'
2026-03-30T01:47:44.544+08:00  INFO 34312 --- [social-media] [main] com.example.demo.BackendApplication      : Started BackendApplication in 3.337 seconds (process running for 3.738)
2026-03-30T01:48:44.358+08:00  INFO 34312 --- [social-media] [RMI TCP Connection(9)-127.0.0.1] inMXBeanRegistrar$SpringApplicationAdmin : Application shutdown requested.
2026-03-30T01:48:44.360+08:00  INFO 34312 --- [social-media] [RMI TCP Connection(9)-127.0.0.1] o.s.b.w.e.tomcat.GracefulShutdown        : Commencing graceful shutdown. Waiting for active requests to complete
2026-03-30T01:48:44.369+08:00  INFO 34312 --- [social-media] [tomcat-shutdown] o.s.b.w.e.tomcat.GracefulShutdown        : Graceful shutdown complete
2026-03-30T01:48:44.372+08:00  INFO 34312 --- [social-media] [RMI TCP Connection(9)-127.0.0.1] j.LocalContainerEntityManagerFactoryBean : Closing JPA EntityManagerFactory for persistence unit 'default'
2026-03-30T01:48:44.373+08:00  INFO 34312 --- [social-media] [RMI TCP Connection(9)-127.0.0.1] com.zaxxer.hikari.HikariDataSource       : HikariPool-1 - Shutdown initiated...
2026-03-30T01:48:44.385+08:00  INFO 34312 --- [social-media] [RMI TCP Connection(9)-127.0.0.1] com.zaxxer.hikari.HikariDataSource       : HikariPool-1 - Shutdown completed.
